<?xml version="1.0" encoding="UTF-8"?>
<testsuite name="Agregar el producto al carrito de compras" tests="3" skipped="0" failures="0" errors="0" timestamp="2019-08-12T01:57:27" hostname="SBMEDLAPPROJM36" time="133.893">
  <properties/>
  <testcase name="Producto agregado exitosamente" classname="Agregar el producto al carrito de compras" time="41.084"/>
  <testcase name="Producto agregado exitosamente" classname="Agregar el producto al carrito de compras" time="35.356"/>
  <testcase name="Producto agregado exitosamente" classname="Agregar el producto al carrito de compras" time="57.441"/>
  <system-out><![CDATA[]]></system-out>
  <system-err><![CDATA[ago 11, 2019 8:57:27 PM org.openqa.selenium.remote.DesiredCapabilities chrome
INFORMACIÓN: Using `new ChromeOptions()` is preferred to `DesiredCapabilities.chrome()`
Starting ChromeDriver 76.0.3809.68 (420c9498db8ce8fcd190a954d51297672c1515d5-refs/branch-heads/3809@{#864}) on port 37222
Only local connections are allowed.
Please protect ports used by ChromeDriver and related test frameworks to prevent access by malicious code.
[1565575052.298][WARNING]: Timed out connecting to Chrome, retrying...
ago 11, 2019 8:57:34 PM org.openqa.selenium.remote.ProtocolHandshake createSession
INFORMACIÓN: Detected dialect: W3C
[1565575056.383][WARNING]: Timed out connecting to Chrome, retrying...
[Test worker] INFO net.thucydides.core.steps.ConsoleLoggingListener - 
        __    _____ _____ ____ _____   ____   _    ____  ____  _____ ____  
  _     \ \  |_   _| ____/ ___|_   _| |  _ \ / \  / ___|/ ___|| ____|  _ \ 
 (_)_____| |   | | |  _| \___ \ | |   | |_) / _ \ \___ \\___ \|  _| | | | |
  _|_____| |   | | | |___ ___) || |   |  __/ ___ \ ___) |___) | |___| |_| |
 (_)     | |   |_| |_____|____/ |_|   |_| /_/   \_\____/|____/|_____|____/ 
        /_/                                                                

TEST PASSED: Producto agregado exitosamente
----------------------------------------------------------------------------
ago 11, 2019 8:58:08 PM org.openqa.selenium.remote.DesiredCapabilities chrome
INFORMACIÓN: Using `new ChromeOptions()` is preferred to `DesiredCapabilities.chrome()`
[1565575091.686][WARNING]: Timed out connecting to Chrome, retrying...
ago 11, 2019 8:58:13 PM org.openqa.selenium.remote.ProtocolHandshake createSession
INFORMACIÓN: Detected dialect: W3C
[1565575095.719][WARNING]: Timed out connecting to Chrome, retrying...
[Test worker] INFO net.thucydides.core.steps.ConsoleLoggingListener - 
        __    _____ _____ ____ _____   ____   _    ____  ____  _____ ____  
  _     \ \  |_   _| ____/ ___|_   _| |  _ \ / \  / ___|/ ___|| ____|  _ \ 
 (_)_____| |   | | |  _| \___ \ | |   | |_) / _ \ \___ \\___ \|  _| | | | |
  _|_____| |   | | | |___ ___) || |   |  __/ ___ \ ___) |___) | |___| |_| |
 (_)     | |   |_| |_____|____/ |_|   |_| /_/   \_\____/|____/|_____|____/ 
        /_/                                                                

TEST PASSED: Producto agregado exitosamente
----------------------------------------------------------------------------
ago 11, 2019 8:58:43 PM org.openqa.selenium.remote.DesiredCapabilities chrome
INFORMACIÓN: Using `new ChromeOptions()` is preferred to `DesiredCapabilities.chrome()`
[1565575127.172][WARNING]: Timed out connecting to Chrome, retrying...
ago 11, 2019 8:58:49 PM org.openqa.selenium.remote.ProtocolHandshake createSession
INFORMACIÓN: Detected dialect: W3C
[1565575131.233][WARNING]: Timed out connecting to Chrome, retrying...
[Test worker] INFO net.thucydides.core.steps.ConsoleLoggingListener - 
        __    _____ _____ ____ _____   ____   _    ____  ____  _____ ____  
  _     \ \  |_   _| ____/ ___|_   _| |  _ \ / \  / ___|/ ___|| ____|  _ \ 
 (_)_____| |   | | |  _| \___ \ | |   | |_) / _ \ \___ \\___ \|  _| | | | |
  _|_____| |   | | | |___ ___) || |   |  __/ ___ \ ___) |___) | |___| |_| |
 (_)     | |   |_| |_____|____/ |_|   |_| /_/   \_\____/|____/|_____|____/ 
        /_/                                                                

TEST PASSED: Producto agregado exitosamente
----------------------------------------------------------------------------
]]></system-err>
</testsuite>
